<?xml version="1.0" encoding="UTF-8"?>
<testsuite name="util.AdditionalTest" tests="1" skipped="0" failures="0" errors="0" timestamp="2017-12-28T18:40:14" hostname="macbook" time="0.029">
  <properties/>
  <testcase name="test" classname="util.AdditionalTest" time="0.029"/>
  <system-out><![CDATA[]]></system-out>
  <system-err><![CDATA[]]></system-err>
</testsuite>
